<?xml version="1.0" encoding="UTF-8"?>
<!-- Generated by org.testng.reporters.JUnitReportReporter -->
<testsuite hostname="DESKTOP-MFGBNUL" name="tests.NavBarTest" tests="1" failures="0" timestamp="5 Oct 2018 17:26:48 GMT" time="1.950" errors="0">
  <testcase name="checkBatchLink" time="1.950" classname="tests.NavBarTest"/>
</testsuite> <!-- tests.NavBarTest -->
