<?xml version="1.0" encoding="UTF-8"?>
<!-- Generated by org.testng.reporters.JUnitReportReporter -->
<testsuite hostname="AHM-PC" name="consoleTest.AssessBatchTest" tests="5" failures="0" timestamp="11 Oct 2018 01:20:17 GMT" time="17.675" errors="0">
  <testcase name="AssessmentsFilledOut" time="7.669" classname="consoleTest.AssessBatchTest"/>
  <testcase name="SetFlagAtSecondEmployee" time="2.225" classname="consoleTest.AssessBatchTest"/>
  <testcase name="AssessmentNote" time="7.399" classname="consoleTest.AssessBatchTest"/>
  <testcase name="WatchSaveSpin" time="0.136" classname="consoleTest.AssessBatchTest"/>
  <testcase name="BranchSummaryNote" time="0.246" classname="consoleTest.AssessBatchTest"/>
</testsuite> <!-- consoleTest.AssessBatchTest -->
