<?xml version="1.0" encoding="UTF-8"?>
<!-- Generated by org.testng.reporters.JUnitReportReporter -->
<testsuite skipped="0" hostname="DESKTOP-3CE3P5H" name="tests.ManageBatchTest" tests="9" failures="0" timestamp="10 Oct 2018 04:28:50 GMT" time="26.149" errors="0">
  <testcase name="checkYearFilterOptions" time="0.931" classname="tests.ManageBatchTest"/>
  <testcase name="checkCreateBatchClose" time="1.354" classname="tests.ManageBatchTest"/>
  <testcase name="checkCreateBatchCloseButton" time="1.322" classname="tests.ManageBatchTest"/>
  <testcase name="checkBatchCreation" time="3.781" classname="tests.ManageBatchTest"/>
  <testcase name="checkDateError" time="3.940" classname="tests.ManageBatchTest"/>
  <testcase name="checkTraineesAddTrainee" time="6.602" classname="tests.ManageBatchTest"/>
  <testcase name="checkTraineesEdit" time="1.935" classname="tests.ManageBatchTest"/>
  <testcase name="checkTraineesDelete" time="4.549" classname="tests.ManageBatchTest"/>
  <testcase name="checkBatchDelete" time="1.735" classname="tests.ManageBatchTest"/>
</testsuite> <!-- tests.ManageBatchTest -->
