<?xml version="1.0" encoding="UTF-8"?>
<!-- Generated by org.testng.reporters.JUnitReportReporter -->
<testsuite skipped="0" hostname="DESKTOP-3CE3P5H" name="tests.ManageBatchTest" tests="8" failures="0" timestamp="08 Oct 2018 20:26:33 GMT" time="13.049" errors="0">
  <testcase name="checkYearFilterOptions" time="0.940" classname="tests.ManageBatchTest"/>
  <testcase name="checkBatchButton" time="0.861" classname="tests.ManageBatchTest"/>
  <testcase name="checkCreateBatchClose" time="0.747" classname="tests.ManageBatchTest"/>
  <testcase name="checkCreateBatchCloseButton" time="1.490" classname="tests.ManageBatchTest"/>
  <testcase name="checkSaveButton" time="1.018" classname="tests.ManageBatchTest"/>
  <testcase name="checkBatchCreation" time="3.362" classname="tests.ManageBatchTest"/>
  <testcase name="checkDateError" time="3.816" classname="tests.ManageBatchTest"/>
  <testcase name="checkTraineesGlyph" time="0.815" classname="tests.ManageBatchTest"/>
</testsuite> <!-- tests.ManageBatchTest -->
