<?xml version="1.0" encoding="UTF-8"?>
<!-- Generated by org.testng.reporters.JUnitReportReporter -->
<testsuite skipped="0" hostname="DESKTOP-3CE3P5H" name="tests.ManageBatchTest" tests="1" failures="0" timestamp="08 Oct 2018 20:05:14 GMT" time="4.373" errors="0">
  <testcase name="checkDateError" time="4.373" classname="tests.ManageBatchTest"/>
</testsuite> <!-- tests.ManageBatchTest -->
