<?xml version="1.0" encoding="UTF-8"?>
<!-- Generated by org.testng.reporters.JUnitReportReporter -->
<testsuite skipped="0" hostname="DESKTOP-3CE3P5H" name="tests.ManageBatchTest" tests="6" failures="0" timestamp="08 Oct 2018 19:22:20 GMT" time="8.329" errors="0">
  <testcase name="checkYearFilterOptions" time="0.908" classname="tests.ManageBatchTest"/>
  <testcase name="checkBatchButton" time="0.787" classname="tests.ManageBatchTest"/>
  <testcase name="checkCreateBatchClose" time="0.666" classname="tests.ManageBatchTest"/>
  <testcase name="checkCreateBatchCloseButton" time="1.523" classname="tests.ManageBatchTest"/>
  <testcase name="checkSaveButton" time="1.026" classname="tests.ManageBatchTest"/>
  <testcase name="checkBatchCreation" time="3.419" classname="tests.ManageBatchTest"/>
</testsuite> <!-- tests.ManageBatchTest -->
