<?xml version="1.0" encoding="UTF-8"?>
<!-- Generated by org.testng.reporters.JUnitReportReporter -->
<testsuite hostname="AHM-PC" name="consoleTest.HPTest" tests="3" failures="0" timestamp="5 Oct 2018 23:28:00 GMT" time="4.883" errors="0">
  <testcase name="hello" time="0.008" classname="consoleTest.HPTest"/>
  <testcase name="login" time="2.392" classname="consoleTest.HPTest"/>
  <testcase name="UserPage" time="2.483" classname="consoleTest.HPTest"/>
</testsuite> <!-- consoleTest.HPTest -->
