<?xml version="1.0" encoding="UTF-8"?>
<!-- Generated by org.testng.reporters.JUnitReportReporter -->
<testsuite skipped="0" hostname="DESKTOP-3CE3P5H" name="tests.ManageBatchTest" tests="8" failures="0" timestamp="09 Oct 2018 18:40:32 GMT" time="33.326" errors="0">
  <testcase name="checkYearFilterOptions" time="0.952" classname="tests.ManageBatchTest"/>
  <testcase name="checkCreateBatchClose" time="1.698" classname="tests.ManageBatchTest"/>
  <testcase name="checkCreateBatchCloseButton" time="1.530" classname="tests.ManageBatchTest"/>
  <testcase name="checkBatchCreation" time="5.948" classname="tests.ManageBatchTest"/>
  <testcase name="checkDateError" time="6.012" classname="tests.ManageBatchTest"/>
  <testcase name="checkTraineesAddTrainee" time="11.819" classname="tests.ManageBatchTest"/>
  <testcase name="checkTraineesEdit" time="2.165" classname="tests.ManageBatchTest"/>
  <testcase name="checkTraineesDelete" time="3.202" classname="tests.ManageBatchTest"/>
</testsuite> <!-- tests.ManageBatchTest -->
