<?xml version="1.0" encoding="UTF-8"?>
<!-- Generated by org.testng.reporters.JUnitReportReporter -->
<testsuite skipped="0" hostname="DESKTOP-3CE3P5H" name="tests.NavBarTest" tests="1" failures="0" timestamp="05 Oct 2018 15:39:26 GMT" time="2.731" errors="0">
  <testcase name="checkBatchLink" time="2.731" classname="tests.NavBarTest"/>
</testsuite> <!-- tests.NavBarTest -->
