<?xml version="1.0" encoding="UTF-8"?>
<!-- Generated by org.testng.reporters.JUnitReportReporter -->
<testsuite hostname="AHM-PC" name="consoleTest.HPTest" tests="3" failures="0" timestamp="9 Oct 2018 21:22:43 GMT" time="6.610" errors="0">
  <testcase name="hello" time="0.008" classname="consoleTest.HPTest"/>
  <testcase name="login" time="2.370" classname="consoleTest.HPTest"/>
  <testcase name="UserPage" time="4.232" classname="consoleTest.HPTest"/>
</testsuite> <!-- consoleTest.HPTest -->
