<?xml version="1.0" encoding="UTF-8"?>
<!-- Generated by org.testng.reporters.JUnitReportReporter -->
<testsuite skipped="0" hostname="DESKTOP-MFGBNUL" name="tests.NavBarTest" tests="1" failures="0" timestamp="05 Oct 2018 19:08:18 GMT" time="2.002" errors="0">
  <testcase name="checkBatchLink" time="2.002" classname="tests.NavBarTest"/>
</testsuite> <!-- tests.NavBarTest -->
