<?xml version="1.0" encoding="UTF-8"?>
<!-- Generated by org.testng.reporters.JUnitReportReporter -->
<testsuite skipped="0" hostname="DESKTOP-3CE3P5H" name="tests.ManageBatchTest" tests="9" failures="0" timestamp="10 Oct 2018 12:04:06 GMT" time="39.464" errors="0">
  <testcase name="checkYearFilterOptions" time="1.551" classname="tests.ManageBatchTest"/>
  <testcase name="checkCreateBatchClose" time="1.797" classname="tests.ManageBatchTest"/>
  <testcase name="checkCreateBatchCloseButton" time="1.619" classname="tests.ManageBatchTest"/>
  <testcase name="checkBatchCreation" time="4.930" classname="tests.ManageBatchTest"/>
  <testcase name="checkDateError" time="5.742" classname="tests.ManageBatchTest"/>
  <testcase name="checkTraineesAddTrainee" time="11.849" classname="tests.ManageBatchTest"/>
  <testcase name="checkTraineesEdit" time="2.635" classname="tests.ManageBatchTest"/>
  <testcase name="checkTraineesDelete" time="6.458" classname="tests.ManageBatchTest"/>
  <testcase name="checkBatchDelete" time="2.883" classname="tests.ManageBatchTest"/>
</testsuite> <!-- tests.ManageBatchTest -->
